\BOOKMARK [0][-]{chapter.1}{Introduction}{}% 1
\BOOKMARK [1][-]{section.1.1}{Motivation}{chapter.1}% 2
\BOOKMARK [1][-]{section.1.2}{Current Progress}{chapter.1}% 3
\BOOKMARK [1][-]{section.1.3}{Objective}{chapter.1}% 4
\BOOKMARK [0][-]{chapter.2}{Conformal Field Theory and Conformal Blocks}{}% 5
\BOOKMARK [1][-]{section.2.1}{Part I: Review of Conformal Field Theory}{chapter.2}% 6
\BOOKMARK [2][-]{subsection.2.1.1}{The Conformal Group}{section.2.1}% 7
\BOOKMARK [2][-]{subsection.2.1.2}{Radial Quantization}{section.2.1}% 8
\BOOKMARK [2][-]{subsection.2.1.3}{Operator Product Expansion}{section.2.1}% 9
\BOOKMARK [2][-]{subsection.2.1.4}{Embedding \(Projective light cone\) Formalism}{section.2.1}% 10
\BOOKMARK [2][-]{subsection.2.1.5}{CFT Correlators}{section.2.1}% 11
\BOOKMARK [1][-]{section.2.2}{Part II: Conformal Blocks}{chapter.2}% 12
\BOOKMARK [2][-]{subsection.2.2.1}{Integral Representations}{section.2.2}% 13
\BOOKMARK [0][-]{chapter.3}{Conformal Blocks using CFT}{}% 14
\BOOKMARK [1][-]{section.3.1}{Conformal Casimir Approach}{chapter.3}% 15
\BOOKMARK [1][-]{section.3.2}{Monodromy Method}{chapter.3}% 16
\BOOKMARK [2][-]{subsection.3.2.1}{Shortening Condition and Degenerate Operators}{section.3.2}% 17
\BOOKMARK [2][-]{subsection.3.2.2}{Monodromy}{section.3.2}% 18
\BOOKMARK [2][-]{subsection.3.2.3}{Sample Calculation}{section.3.2}% 19
\BOOKMARK [0][-]{section*.6}{Appendices}{}% 20
\BOOKMARK [0][-]{Appendix.a.A}{}{}% 21
\BOOKMARK [0][-]{Appendix.a.B}{The Black Hole Information Paradox}{}% 22
\BOOKMARK [0][-]{Appendix.a.C}{Geometry of AdSD+1}{}% 23
\BOOKMARK [1][-]{section.a.C.1}{Global patch}{Appendix.a.C}% 24
\BOOKMARK [1][-]{section.a.C.2}{Poincar\351 patch}{Appendix.a.C}% 25
\BOOKMARK [1][-]{section.a.C.3}{Embedding Formalism}{Appendix.a.C}% 26
\BOOKMARK [1][-]{section.a.C.4}{Embedding Formalism\(Euclidean\)}{Appendix.a.C}% 27
\BOOKMARK [1][-]{section.a.C.5}{Geodesics}{Appendix.a.C}% 28
\BOOKMARK [2][-]{subsection.a.C.5.1}{Timelike geodesics}{section.a.C.5}% 29
\BOOKMARK [2][-]{subsection.a.C.5.2}{Null geodesics}{section.a.C.5}% 30
\BOOKMARK [0][-]{Appendix.a.D}{Differential Forms}{}% 31
\BOOKMARK [0][-]{Appendix.a.E}{Hypergeometric Functions Toolbox}{}% 32
\BOOKMARK [1][-]{section.a.E.1}{Hypergeometric series}{Appendix.a.E}% 33
\BOOKMARK [1][-]{section.a.E.2}{Hypergeometric Differential Equation}{Appendix.a.E}% 34
\BOOKMARK [1][-]{section.a.E.3}{Riemann's Differential Equation}{Appendix.a.E}% 35
